<?xml version="1.0" encoding="UTF-8"?>
<!-- Generated by org.testng.reporters.JUnitXMLReporter -->
<testsuite ignored="0" hostname="Sharath" failures="0" tests="1" name="Test" time="0.201" errors="0" timestamp="2021-05-23T20:43:16 IST">
  <testcase classname="Test.SimpleProject" name="@BeforeTest setup" time="0.111">
    <failure type="java.lang.IllegalStateException" message="The driver executable does not exist: C:\Users\Sharath Kumar C M\git\SharathAutomationTestProject001\SharathAutomationTestProject001\..\drivers\chromedriver.exe">
      <![CDATA[java.lang.IllegalStateException: The driver executable does not exist: C:\Users\Sharath Kumar C M\git\SharathAutomationTestProject001\SharathAutomationTestProject001\..\drivers\chromedriver.exe
at com.google.common.base.Preconditions.checkState(Preconditions.java:585)
at org.openqa.selenium.remote.service.DriverService.checkExecutable(DriverService.java:146)
at org.openqa.selenium.remote.service.DriverService.findExecutable(DriverService.java:141)
at org.openqa.selenium.chrome.ChromeDriverService.access$000(ChromeDriverService.java:35)
at org.openqa.selenium.chrome.ChromeDriverService$Builder.findDefaultExecutable(ChromeDriverService.java:159)
at org.openqa.selenium.remote.service.DriverService$Builder.build(DriverService.java:355)
at org.openqa.selenium.chrome.ChromeDriverService.createDefaultService(ChromeDriverService.java:94)
at org.openqa.selenium.chrome.ChromeDriver.<init>(ChromeDriver.java:123)
at Test.SimpleProject.setup(SimpleProject.java:18)
... Removed 24 stack frames]]>
    </failure>
  </testcase> <!-- @BeforeTest setup -->
  <testcase classname="Test.SimpleProject" name="@AfterTest tearDown" time="-1.621782796696E9">
    <skipped/>
  </testcase> <!-- @AfterTest tearDown -->
  <testcase classname="Test.SimpleProject" name="execute" time="0.0">
    <skipped/>
  </testcase> <!-- execute -->
</testsuite> <!-- Test -->
